[     590ms] [INFO] %cDownload the React DevTools for a better development experience: https://react.dev/link/react-devtools font-weight:bold @ http://localhost:3003/node_modules/.vite/deps/react-dom_client.js?v=803a25cc:20100
[     722ms] [ERROR] Failed to load resource: the server responded with a status of 401 (Unauthorized) @ http://localhost:3003/api/auth/me:0
[     723ms] [ERROR] Failed to load resource: the server responded with a status of 401 (Unauthorized) @ http://localhost:3003/api/auth/me:0
[     757ms] [ERROR] Failed to load resource: the server responded with a status of 401 (Unauthorized) @ http://localhost:3003/api/v1/users/demo-user/orders?limit=100&market=PEPPER%2FUSD:0
[     775ms] [ERROR] Failed to load resource: the server responded with a status of 401 (Unauthorized) @ http://localhost:3003/api/v1/users/demo-user/trades?limit=100&market=PEPPER%2FUSD:0
[     775ms] [ERROR] Failed to load resource: the server responded with a status of 401 (Unauthorized) @ http://localhost:3003/api/v1/users/demo-user/balances:0
[    1750ms] [ERROR] Failed to load resource: the server responded with a status of 404 (Not Found) @ http://localhost:3003/favicon.ico:0
[    8715ms] [ERROR] Failed to load resource: the server responded with a status of 401 (Unauthorized) @ http://localhost:3003/api/v1/users/demo-user/orders?limit=100&market=PEPPER%2FUSD:0
[    8715ms] [ERROR] Failed to load resource: the server responded with a status of 401 (Unauthorized) @ http://localhost:3003/api/v1/users/demo-user/trades?limit=100&market=PEPPER%2FUSD:0
[    8716ms] [ERROR] Failed to load resource: the server responded with a status of 401 (Unauthorized) @ http://localhost:3003/api/v1/users/demo-user/balances:0
[   16703ms] [ERROR] Failed to load resource: the server responded with a status of 401 (Unauthorized) @ http://localhost:3003/api/v1/users/demo-user/trades?limit=100&market=PEPPER%2FUSD:0
[   16703ms] [ERROR] Failed to load resource: the server responded with a status of 401 (Unauthorized) @ http://localhost:3003/api/v1/users/demo-user/orders?limit=100&market=PEPPER%2FUSD:0
[   16712ms] [ERROR] Failed to load resource: the server responded with a status of 401 (Unauthorized) @ http://localhost:3003/api/v1/users/demo-user/balances:0
[   24699ms] [ERROR] Failed to load resource: the server responded with a status of 401 (Unauthorized) @ http://localhost:3003/api/v1/users/demo-user/orders?limit=100&market=PEPPER%2FUSD:0
[   24699ms] [ERROR] Failed to load resource: the server responded with a status of 401 (Unauthorized) @ http://localhost:3003/api/v1/users/demo-user/trades?limit=100&market=PEPPER%2FUSD:0
[   24701ms] [ERROR] Failed to load resource: the server responded with a status of 401 (Unauthorized) @ http://localhost:3003/api/v1/users/demo-user/balances:0
[   32747ms] [ERROR] Failed to load resource: the server responded with a status of 401 (Unauthorized) @ http://localhost:3003/api/v1/users/demo-user/trades?limit=100&market=PEPPER%2FUSD:0
[   32747ms] [ERROR] Failed to load resource: the server responded with a status of 401 (Unauthorized) @ http://localhost:3003/api/v1/users/demo-user/orders?limit=100&market=PEPPER%2FUSD:0
[   32748ms] [ERROR] Failed to load resource: the server responded with a status of 401 (Unauthorized) @ http://localhost:3003/api/v1/users/demo-user/balances:0
[   40711ms] [ERROR] Failed to load resource: the server responded with a status of 401 (Unauthorized) @ http://localhost:3003/api/v1/users/demo-user/balances:0
[   40712ms] [ERROR] Failed to load resource: the server responded with a status of 401 (Unauthorized) @ http://localhost:3003/api/v1/users/demo-user/trades?limit=100&market=PEPPER%2FUSD:0
[   40712ms] [ERROR] Failed to load resource: the server responded with a status of 401 (Unauthorized) @ http://localhost:3003/api/v1/users/demo-user/orders?limit=100&market=PEPPER%2FUSD:0
